<?xml version="1.0" encoding="UTF-8"?>
<!-- Generated by org.testng.reporters.JUnitReportReporter -->
<testsuite hostname="BLR1-LHP-N61317" failures="0" tests="4" name="com.qa.testcases.HomePageTest" time="45.185" errors="0" timestamp="26 Aug 2019 05:40:19 GMT" skipped="0">
  <testcase classname="com.qa.testcases.HomePageTest" name="validateHomePageTitle" time="10.664"/>
  <testcase classname="com.qa.testcases.HomePageTest" name="validateLoginusername" time="12.302"/>
  <testcase classname="com.qa.testcases.HomePageTest" name="validatecogmentologo" time="11.083"/>
  <testcase classname="com.qa.testcases.HomePageTest" name="validateSettingicon" time="11.136"/>
</testsuite> <!-- com.qa.testcases.HomePageTest -->
