<?xml version="1.0" encoding="UTF-8"?>
<!-- Generated by org.testng.reporters.JUnitReportReporter -->
<testsuite skipped="1" hostname="BLR1-LHP-N61317" name="com.qa.testcases.LoginPageTest" tests="2" failures="0" timestamp="24 Nov 2019 14:44:22 GMT" time="12.035" errors="0">
  <testcase name="validateTitle" time="12.035" classname="com.qa.testcases.LoginPageTest"/>
  <testcase name="validateImage" classname="com.qa.testcases.LoginPageTest">
    <skipped/>
  </testcase> <!-- validateImage -->
</testsuite> <!-- com.qa.testcases.LoginPageTest -->
