<?xml version="1.0" encoding="UTF-8"?>
<!-- Generated by org.testng.reporters.JUnitReportReporter -->
<testsuite skipped="0" hostname="BLR1-LHP-N61317" name="com.qa.testcases.ContactsPageTest" tests="1" failures="0" timestamp="24 Nov 2019 14:44:22 GMT" time="14.233" errors="0">
  <testcase name="validateFormTitle" time="14.233" classname="com.qa.testcases.ContactsPageTest"/>
</testsuite> <!-- com.qa.testcases.ContactsPageTest -->
