<?xml version="1.0" encoding="UTF-8"?>
<!-- Generated by org.testng.reporters.JUnitReportReporter -->
<testsuite skipped="0" hostname="BLR1-LHP-N61317" name="com.qa.testcases.HomePageTest" tests="1" failures="0" timestamp="22 Aug 2019 10:27:06 GMT" time="17.218" errors="0">
  <testcase name="validateHomePageTitle" time="17.218" classname="com.qa.testcases.HomePageTest"/>
</testsuite> <!-- com.qa.testcases.HomePageTest -->
