<?xml version="1.0" encoding="UTF-8"?>
<!-- Generated by org.testng.reporters.JUnitReportReporter -->
<testsuite skipped="0" hostname="BLR1-LHP-N61317" name="com.qa.testcases.LoginPageTest" tests="2" failures="0" timestamp="22 Aug 2019 10:27:06 GMT" time="19.878" errors="0">
  <testcase name="validateTitle" time="9.326" classname="com.qa.testcases.LoginPageTest"/>
  <testcase name="validateImage" time="10.552" classname="com.qa.testcases.LoginPageTest"/>
</testsuite> <!-- com.qa.testcases.LoginPageTest -->
