<?xml version="1.0" encoding="UTF-8"?>
<!-- Generated by org.testng.reporters.JUnitReportReporter -->
<testsuite hostname="BLR1-LHP-N61317" failures="0" tests="2" name="com.qa.testcases.LoginPageTest" time="22.642" errors="0" timestamp="23 Aug 2019 16:37:48 GMT" skipped="0">
  <testcase classname="com.qa.testcases.LoginPageTest" name="validateTitle" time="12.275"/>
  <testcase classname="com.qa.testcases.LoginPageTest" name="validateImage" time="10.367"/>
</testsuite> <!-- com.qa.testcases.LoginPageTest -->
