<?xml version="1.0" encoding="UTF-8"?>
<!-- Generated by org.testng.reporters.JUnitReportReporter -->
<testsuite hostname="BLR1-LHP-N61317" failures="0" tests="4" name="com.qa.testcases.ContactsPageTest" time="55.959" errors="0" timestamp="26 Aug 2019 05:43:48 GMT" skipped="0">
  <testcase classname="com.qa.testcases.ContactsPageTest" name="validateFormTitle" time="11.344"/>
  <testcase classname="com.qa.testcases.ContactsPageTest" name="createNewContacts" time="14.735"/>
  <testcase classname="com.qa.testcases.ContactsPageTest" name="createNewContacts" time="14.832"/>
  <testcase classname="com.qa.testcases.ContactsPageTest" name="createNewContacts" time="15.048"/>
</testsuite> <!-- com.qa.testcases.ContactsPageTest -->
