<?xml version="1.0" encoding="UTF-8"?>
<!-- Generated by org.testng.reporters.JUnitReportReporter -->
<testsuite skipped="0" hostname="BLR1-LHP-N61317" name="com.qa.testcases.ContactsPageTest" tests="1" failures="0" timestamp="22 Aug 2019 10:27:06 GMT" time="18.662" errors="0">
  <testcase name="validateFormTitle" time="18.662" classname="com.qa.testcases.ContactsPageTest"/>
</testsuite> <!-- com.qa.testcases.ContactsPageTest -->
