<?xml version="1.0" encoding="UTF-8"?>
<!-- Generated by org.testng.reporters.JUnitReportReporter -->
<testsuite hostname="BLR1-LHP-N61317" failures="0" tests="3" name="com.qa.testcases.LoginPageTest" time="20.743" errors="0" timestamp="26 Aug 2019 05:35:46 GMT" skipped="1">
  <testcase classname="com.qa.testcases.LoginPageTest" name="validateTitle" time="10.119"/>
  <testcase classname="com.qa.testcases.LoginPageTest" name="loginTest" time="10.624"/>
  <testcase classname="com.qa.testcases.LoginPageTest" name="validateImage">
    <skipped/>
  </testcase> <!-- validateImage -->
</testsuite> <!-- com.qa.testcases.LoginPageTest -->
